TN:
SF:/Users/vrubinat/Documents/xlab.tech/RxMap/lib/leaflet@latest.js
FNF:0
FNH:0
DA:1,1
DA:2,1
DA:3,1
DA:4,1
DA:5,1
DA:6,1
DA:7,1
DA:8,1
DA:9,1
LF:9
LH:9
BRF:0
BRH:0
end_of_record
TN:
SF:/Users/vrubinat/Documents/xlab.tech/RxMap/lib/commands/common@latest/addData.js
FN:4,addData
FN:12,(anonymous_2)
FN:13,(anonymous_3)
FN:14,(anonymous_4)
FN:17,(anonymous_5)
FN:18,(anonymous_6)
FN:19,(anonymous_7)
FNF:7
FNH:0
FNDA:0,addData
FNDA:0,(anonymous_2)
FNDA:0,(anonymous_3)
FNDA:0,(anonymous_4)
FNDA:0,(anonymous_5)
FNDA:0,(anonymous_6)
FNDA:0,(anonymous_7)
DA:2,1
DA:4,1
DA:5,0
DA:6,0
DA:7,0
DA:8,0
DA:10,0
DA:12,0
DA:13,0
DA:14,0
DA:17,0
DA:18,0
DA:19,0
DA:23,0
DA:27,1
LF:15
LH:3
BRDA:7,0,0,0
BRDA:7,0,1,0
BRDA:11,1,0,0
BRDA:11,1,1,0
BRDA:11,1,2,0
BRF:5
BRH:0
end_of_record
TN:
SF:/Users/vrubinat/Documents/xlab.tech/RxMap/lib/commands/leaflet@latest/create.js
FN:4,create
FNF:1
FNH:0
FNDA:0,create
DA:2,1
DA:4,1
DA:5,0
DA:6,0
DA:7,0
DA:10,0
DA:11,0
DA:14,1
LF:8
LH:3
BRF:0
BRH:0
end_of_record
TN:
SF:/Users/vrubinat/Documents/xlab.tech/RxMap/lib/commands/leaflet@latest/marker.js
FN:6,drawMarker
FNF:1
FNH:0
FNDA:0,drawMarker
DA:2,1
DA:3,1
DA:4,1
DA:6,1
DA:7,0
DA:8,0
DA:9,0
DA:10,0
DA:11,0
DA:12,0
DA:16,0
DA:21,0
DA:22,0
DA:23,0
DA:24,0
DA:27,1
LF:16
LH:5
BRDA:6,0,0,0
BRDA:6,0,1,0
BRDA:6,1,0,0
BRDA:6,1,1,0
BRDA:6,2,0,0
BRDA:6,2,1,0
BRDA:6,3,0,0
BRDA:6,3,1,0
BRDA:11,4,0,0
BRDA:11,4,1,0
BRDA:11,5,0,0
BRDA:11,5,1,0
BRDA:14,6,0,0
BRDA:14,6,1,0
BRF:14
BRH:0
end_of_record
TN:
SF:/Users/vrubinat/Documents/xlab.tech/RxMap/lib/commands/leaflet@latest/point.js
FN:6,drawPoint
FNF:1
FNH:0
FNDA:0,drawPoint
DA:2,1
DA:3,1
DA:4,1
DA:6,1
DA:7,0
DA:9,0
DA:10,0
DA:11,0
DA:12,0
DA:13,0
DA:14,0
DA:17,1
LF:12
LH:5
BRF:0
BRH:0
end_of_record
TN:
SF:/Users/vrubinat/Documents/xlab.tech/RxMap/lib/commands/leaflet@latest/popup.js
FN:4,addPopup
FN:13,popup
FN:18,(anonymous_2)
FNF:3
FNH:0
FNDA:0,addPopup
FNDA:0,popup
FNDA:0,(anonymous_2)
DA:2,1
DA:4,1
DA:5,0
DA:6,0
DA:7,0
DA:8,0
DA:10,0
DA:13,1
DA:14,0
DA:15,0
DA:16,0
DA:17,0
DA:18,0
DA:20,0
DA:23,1
LF:15
LH:4
BRDA:7,0,0,0
BRDA:7,0,1,0
BRDA:15,1,0,0
BRDA:15,1,1,0
BRDA:17,2,0,0
BRDA:17,2,1,0
BRF:6
BRH:0
end_of_record
TN:
SF:/Users/vrubinat/Documents/xlab.tech/RxMap/lib/commands/leaflet@latest/setCenter.js
FN:5,setCenter
FNF:1
FNH:0
FNDA:0,setCenter
DA:2,1
DA:3,1
DA:5,1
DA:6,0
DA:7,0
DA:8,0
DA:9,0
DA:10,0
DA:13,1
LF:9
LH:4
BRDA:8,0,0,0
BRDA:8,0,1,0
BRDA:9,1,0,0
BRDA:9,1,1,0
BRF:4
BRH:0
end_of_record
TN:
SF:/Users/vrubinat/Documents/xlab.tech/RxMap/lib/observers/common@latest/gps.js
FN:6,event
FN:7,watchPosition
FN:7,(anonymous_2)
FN:8,clearPosition
FN:8,(anonymous_4)
FN:13,(anonymous_5)
FNF:6
FNH:0
FNDA:0,event
FNDA:0,watchPosition
FNDA:0,(anonymous_2)
FNDA:0,clearPosition
FNDA:0,(anonymous_4)
FNDA:0,(anonymous_5)
DA:1,1
DA:2,1
DA:3,1
DA:6,1
DA:7,0
DA:8,0
DA:10,0
DA:13,0
DA:16,1
LF:9
LH:5
BRDA:7,0,0,0
BRDA:7,0,1,0
BRDA:8,1,0,0
BRDA:8,1,1,0
BRF:4
BRH:0
end_of_record
TN:
SF:/Users/vrubinat/Documents/xlab.tech/RxMap/lib/observers/leaflet@latest/center.js
FN:5,event
FN:7,addClickHandler
FN:8,removeClickHandler
FN:13,(anonymous_3)
FNF:4
FNH:0
FNDA:0,event
FNDA:0,addClickHandler
FNDA:0,removeClickHandler
FNDA:0,(anonymous_3)
DA:1,1
DA:2,1
DA:3,1
DA:5,1
DA:6,0
DA:7,0
DA:8,0
DA:10,0
DA:13,0
DA:16,1
LF:10
LH:5
BRF:0
BRH:0
end_of_record
TN:
SF:/Users/vrubinat/Documents/xlab.tech/RxMap/lib/observers/leaflet@latest/click.js
FN:5,event
FN:10,mapFunction
FN:14,mapFunction
FN:20,mapFunction
FN:30,addClickHandler
FN:30,(anonymous_5)
FN:31,removeClickHandler
FN:31,(anonymous_7)
FNF:8
FNH:0
FNDA:0,event
FNDA:0,mapFunction
FNDA:0,mapFunction
FNDA:0,mapFunction
FNDA:0,addClickHandler
FNDA:0,(anonymous_5)
FNDA:0,removeClickHandler
FNDA:0,(anonymous_7)
DA:1,1
DA:2,1
DA:3,1
DA:5,1
DA:6,0
DA:7,0
DA:8,0
DA:9,0
DA:10,0
DA:12,0
DA:13,0
DA:14,0
DA:15,0
DA:16,0
DA:18,0
DA:19,0
DA:20,0
DA:21,0
DA:22,0
DA:26,0
DA:27,0
DA:30,0
DA:31,0
DA:33,0
DA:39,1
LF:25
LH:5
BRDA:12,0,0,0
BRDA:12,0,1,0
BRDA:16,1,0,0
BRDA:16,1,1,0
BRDA:18,2,0,0
BRDA:18,2,1,0
BRDA:22,3,0,0
BRDA:22,3,1,0
BRDA:26,4,0,0
BRDA:26,4,1,0
BRF:10
BRH:0
end_of_record
TN:
SF:/Users/vrubinat/Documents/xlab.tech/RxMap/src/RxMap.js
FN:14,RxMapClass
FN:48,(anonymous_9)
FN:49,(anonymous_10)
FN:51,(anonymous_11)
FN:54,(anonymous_12)
FN:56,(anonymous_13)
FN:58,(anonymous_14)
FN:61,(anonymous_15)
FN:63,(anonymous_16)
FN:64,(anonymous_17)
FN:99,createMap
FNF:11
FNH:11
FNDA:2,RxMapClass
FNDA:1,(anonymous_9)
FNDA:1,(anonymous_10)
FNDA:1,(anonymous_11)
FNDA:2,(anonymous_12)
FNDA:1,(anonymous_13)
FNDA:1,(anonymous_14)
FNDA:2,(anonymous_15)
FNDA:1,(anonymous_16)
FNDA:1,(anonymous_17)
FNDA:1,createMap
DA:2,1
DA:3,1
DA:4,1
DA:5,1
DA:6,1
DA:7,1
DA:8,1
DA:9,1
DA:11,1
DA:14,6
DA:16,2
DA:17,2
DA:18,2
DA:19,2
DA:23,1
DA:27,1
DA:31,1
DA:37,4
DA:39,3
DA:48,1
DA:49,1
DA:51,1
DA:54,2
DA:55,2
DA:56,2
DA:57,1
DA:58,1
DA:61,2
DA:62,2
DA:63,2
DA:64,1
DA:70,12
DA:71,3
DA:73,9
DA:74,1
DA:76,8
DA:77,1
DA:79,7
DA:83,1
DA:91,1
DA:95,1
DA:99,1
DA:100,1
DA:101,1
DA:103,1
LF:45
LH:45
BRDA:14,0,0,2
BRDA:14,0,1,0
BRDA:18,1,0,2
BRDA:18,1,1,0
BRDA:37,2,0,3
BRDA:37,2,1,1
BRDA:37,3,0,4
BRDA:37,3,1,1
BRDA:43,4,0,4
BRDA:55,5,0,1
BRDA:55,5,1,1
BRDA:62,6,0,1
BRDA:62,6,1,1
BRDA:70,7,0,3
BRDA:70,7,1,9
BRDA:73,8,0,1
BRDA:73,8,1,8
BRDA:76,9,0,1
BRDA:76,9,1,7
BRDA:76,10,0,8
BRDA:76,10,1,1
BRDA:100,11,0,1
BRDA:100,11,1,0
BRF:23
BRH:20
end_of_record
TN:
SF:/Users/vrubinat/Documents/xlab.tech/RxMap/src/importFunctions.js
FN:4,_fixedImports
FN:5,googleLatest
FN:6,leafletLatest
FN:7,commandsGoogleLatestCreate
FN:8,commandsGoogleLatestMarker
FN:9,commandsGoogleLatestPopup
FN:10,commandsGoogleLatestPoint
FN:11,commandsGoogleLatestSetCenter
FN:12,observersGoogleLatestCenter
FN:13,observersGoogleLatestClick
FN:14,commandsCommonLatestAddData
FN:15,observersCommonLatestGps
FN:16,commandsLeafletLatestCreate
FN:17,commandsLeafletLatestMarker
FN:18,commandsLeafletLatestPopup
FN:19,commandsLeafletLatestSetCenter
FN:20,commandsLeafletLatestPoint
FN:21,observersLeafletLatestCenter
FN:22,observersLeafletLatestClick
FN:25,(anonymous_39)
FN:31,(anonymous_40)
FNF:21
FNH:5
FNDA:4,_fixedImports
FNDA:0,googleLatest
FNDA:4,leafletLatest
FNDA:0,commandsGoogleLatestCreate
FNDA:0,commandsGoogleLatestMarker
FNDA:0,commandsGoogleLatestPopup
FNDA:0,commandsGoogleLatestPoint
FNDA:0,commandsGoogleLatestSetCenter
FNDA:0,observersGoogleLatestCenter
FNDA:0,observersGoogleLatestClick
FNDA:0,commandsCommonLatestAddData
FNDA:2,observersCommonLatestGps
FNDA:2,commandsLeafletLatestCreate
FNDA:0,commandsLeafletLatestMarker
FNDA:0,commandsLeafletLatestPopup
FNDA:0,commandsLeafletLatestSetCenter
FNDA:0,commandsLeafletLatestPoint
FNDA:0,observersLeafletLatestCenter
FNDA:0,observersLeafletLatestClick
FNDA:4,(anonymous_39)
FNDA:0,(anonymous_40)
DA:1,1
DA:4,4
DA:5,0
DA:6,4
DA:7,0
DA:8,0
DA:9,0
DA:10,0
DA:11,0
DA:12,0
DA:13,0
DA:14,0
DA:15,2
DA:16,2
DA:17,0
DA:18,0
DA:19,0
DA:20,0
DA:21,0
DA:22,0
DA:25,1
DA:27,4
DA:28,4
DA:29,4
DA:31,0
LF:25
LH:9
BRDA:28,0,0,4
BRDA:28,0,1,0
BRF:2
BRH:1
end_of_record
TN:
SF:/Users/vrubinat/Documents/xlab.tech/RxMap/src/core/AsyncCommandBus.js
FN:7,AsyncCommandBus
FN:22,(anonymous_4)
FN:40,(anonymous_7)
FN:47,(anonymous_9)
FN:56,(anonymous_12)
FN:57,(anonymous_13)
FN:63,(anonymous_14)
FNF:7
FNH:7
FNDA:8,AsyncCommandBus
FNDA:3,(anonymous_4)
FNDA:1,(anonymous_7)
FNDA:2,(anonymous_9)
FNDA:1,(anonymous_12)
FNDA:1,(anonymous_13)
FNDA:3,(anonymous_14)
DA:1,1
DA:2,1
DA:3,1
DA:4,1
DA:7,24
DA:9,8
DA:10,8
DA:11,8
DA:14,3
DA:15,3
DA:20,3
DA:21,3
DA:22,3
DA:27,4
DA:28,4
DA:29,4
DA:32,6
DA:33,6
DA:34,3
DA:35,3
DA:37,3
DA:38,3
DA:39,3
DA:40,1
DA:41,1
DA:43,2
DA:46,5
DA:47,5
DA:51,2
DA:54,6
DA:55,3
DA:56,1
DA:57,1
DA:59,2
DA:63,1
DA:64,3
DA:65,3
DA:66,3
LF:38
LH:38
BRDA:7,0,0,8
BRDA:7,0,1,0
BRDA:20,1,0,3
BRDA:20,1,1,0
BRDA:27,2,0,4
BRDA:27,2,1,0
BRDA:33,3,0,3
BRDA:33,3,1,3
BRDA:39,4,0,1
BRDA:39,4,1,2
BRDA:55,5,0,1
BRDA:55,5,1,2
BRDA:57,6,0,1
BRDA:57,6,1,0
BRDA:59,7,0,2
BRDA:59,7,1,0
BRF:16
BRH:11
end_of_record
TN:
SF:/Users/vrubinat/Documents/xlab.tech/RxMap/src/core/CommandBus.js
FN:8,CommandBus
FN:45,(anonymous_9)
FNF:2
FNH:2
FNDA:16,CommandBus
FNDA:2,(anonymous_9)
DA:2,1
DA:3,1
DA:4,1
DA:5,1
DA:8,16
DA:9,16
DA:16,8
DA:20,26
DA:24,15
DA:28,4
DA:32,8
DA:36,8
DA:37,8
DA:40,7
DA:41,7
DA:42,7
DA:43,7
DA:44,7
DA:45,2
DA:47,5
DA:51,4
DA:55,1
DA:59,2
DA:62,4
DA:63,9
DA:64,4
DA:66,5
DA:67,5
DA:68,1
DA:71,4
DA:75,13
LF:31
LH:31
BRDA:44,0,0,2
BRDA:44,0,1,5
BRDA:63,1,0,4
BRDA:63,1,1,5
BRDA:67,2,0,1
BRDA:67,2,1,4
BRF:6
BRH:6
end_of_record
TN:
SF:/Users/vrubinat/Documents/xlab.tech/RxMap/src/core/Observable.js
FN:5,getCommandBus
FN:16,(anonymous_1)
FN:21,(anonymous_2)
FN:25,(anonymous_3)
FN:27,(anonymous_4)
FNF:5
FNH:5
FNDA:6,getCommandBus
FNDA:11,(anonymous_1)
FNDA:5,(anonymous_2)
FNDA:3,(anonymous_3)
FNDA:2,(anonymous_4)
DA:2,1
DA:3,1
DA:5,1
DA:6,6
DA:7,6
DA:8,4
DA:10,2
DA:11,1
DA:13,1
DA:16,1
DA:17,11
DA:18,11
DA:21,1
DA:22,5
DA:25,3
DA:26,3
DA:27,3
LF:17
LH:17
BRDA:7,0,0,4
BRDA:7,0,1,2
BRDA:10,1,0,1
BRDA:10,1,1,1
BRF:4
BRH:4
end_of_record
TN:
SF:/Users/vrubinat/Documents/xlab.tech/RxMap/src/core/importLazyLoad.js
FN:7,loadJS
FN:7,(anonymous_2)
FN:9,implementationCode
FN:19,addImportFunction
FN:23,(anonymous_5)
FN:23,_callee
FN:23,_callee$
FN:44,loadAllRootLib
FN:44,(anonymous_10)
FNF:9
FNH:8
FNDA:1,loadJS
FNDA:1,(anonymous_2)
FNDA:0,implementationCode
FNDA:3,addImportFunction
FNDA:5,(anonymous_5)
FNDA:4,_callee
FNDA:10,_callee$
FNDA:2,loadAllRootLib
FNDA:4,(anonymous_10)
DA:2,1
DA:4,1
DA:5,1
DA:7,1
DA:8,1
DA:9,1
DA:10,0
DA:12,1
DA:13,1
DA:14,1
DA:15,1
DA:16,1
DA:19,1
DA:20,3
DA:23,54
DA:24,4
DA:25,4
DA:26,4
DA:27,2
DA:36,3
DA:38,3
DA:44,4
LF:22
LH:21
BRDA:23,0,0,2
BRDA:23,0,1,2
BRDA:23,1,0,4
BRDA:23,1,1,2
BRDA:23,2,0,4
BRDA:23,2,1,0
BRDA:23,2,2,3
BRDA:23,2,3,3
BRDA:23,2,4,0
BRDA:23,2,5,0
BRDA:23,2,6,3
BRDA:24,3,0,1
BRDA:24,3,1,3
BRDA:26,4,0,2
BRDA:26,4,1,2
BRDA:23,5,0,3
BRDA:23,5,1,4
BRF:17
BRH:14
end_of_record
TN:
SF:/Users/vrubinat/Documents/xlab.tech/RxMap/src/core/importMapLibrary.js
FN:3,_callee$
FNF:1
FNH:1
FNDA:10,_callee$
DA:1,1
DA:3,49
DA:4,3
DA:6,1
DA:14,1
DA:15,0
LF:6
LH:5
BRDA:3,0,0,1
BRDA:3,0,1,2
BRDA:3,1,0,3
BRDA:3,1,1,1
BRDA:3,2,0,3
BRDA:3,2,1,1
BRDA:3,2,2,1
BRDA:3,2,3,2
BRDA:3,2,4,1
BRDA:3,2,5,0
BRDA:3,2,6,0
BRDA:3,2,7,1
BRDA:3,2,8,0
BRDA:3,2,9,2
BRDA:4,3,0,3
BRDA:4,3,1,3
BRDA:3,4,0,3
BRDA:3,4,1,3
BRF:18
BRH:15
end_of_record
TN:
SF:/Users/vrubinat/Documents/xlab.tech/RxMap/src/core/middlewares.js
FN:8,compose
FN:15,(anonymous_2)
FN:18,executeCommand
FN:18,(anonymous_4)
FN:20,applyMiddlewares
FN:28,registerMiddleware
FN:34,(anonymous_7)
FN:38,(anonymous_8)
FN:41,subscribe
FNF:9
FNH:9
FNDA:46,compose
FNDA:3,(anonymous_2)
FNDA:46,executeCommand
FNDA:9,(anonymous_4)
FNDA:46,applyMiddlewares
FNDA:6,registerMiddleware
FNDA:3,(anonymous_7)
FNDA:7,(anonymous_8)
FNDA:3,subscribe
DA:2,1
DA:6,1
DA:8,46
DA:9,46
DA:10,10
DA:12,36
DA:13,33
DA:15,3
DA:18,46
DA:20,1
DA:21,46
DA:22,46
DA:23,4
DA:25,46
DA:28,6
DA:29,6
DA:30,1
DA:32,5
DA:33,2
DA:34,3
DA:35,2
DA:37,3
DA:38,7
DA:41,3
LF:24
LH:24
BRDA:9,0,0,10
BRDA:9,0,1,36
BRDA:12,1,0,33
BRDA:12,1,1,3
BRDA:22,2,0,4
BRDA:22,2,1,42
BRDA:29,3,0,1
BRDA:29,3,1,5
BRDA:32,4,0,2
BRDA:32,4,1,3
BRF:10
BRH:10
end_of_record
TN:
SF:/Users/vrubinat/Documents/xlab.tech/RxMap/src/core/registerCommand.js
FN:8,isAsyncCommandBus
FN:12,createFunctionInCommandBus
FN:13,(anonymous_3)
FN:24,_registerCommand
FN:30,registerCommand
FN:35,getCommandInfo
FN:36,getCommand
FN:37,getAllCommandsName
FN:39,updateCommandWithMiddleware
FN:46,(anonymous_10)
FN:50,(anonymous_11)
FNF:11
FNH:11
FNDA:5,isAsyncCommandBus
FNDA:42,createFunctionInCommandBus
FNDA:5,(anonymous_3)
FNDA:42,_registerCommand
FNDA:18,registerCommand
FNDA:1,getCommandInfo
FNDA:2,getCommand
FNDA:1,getAllCommandsName
FNDA:26,updateCommandWithMiddleware
FNDA:5,(anonymous_10)
FNDA:24,(anonymous_11)
DA:1,1
DA:2,1
DA:3,1
DA:4,1
DA:6,1
DA:8,1
DA:9,5
DA:12,1
DA:13,42
DA:14,5
DA:15,5
DA:17,3
DA:19,5
DA:20,5
DA:24,1
DA:25,42
DA:26,42
DA:27,42
DA:30,18
DA:31,18
DA:32,18
DA:35,1
DA:36,2
DA:37,1
DA:39,1
DA:40,26
DA:41,26
DA:42,24
DA:46,1
DA:47,5
DA:48,2
DA:50,24
LF:32
LH:32
BRDA:9,0,0,5
BRDA:9,0,1,5
BRDA:9,0,2,0
BRDA:15,1,0,3
BRDA:15,1,1,2
BRDA:15,2,0,5
BRDA:15,2,1,5
BRDA:15,2,2,2
BRDA:15,2,3,2
BRDA:30,3,0,1
BRDA:30,3,1,17
BRDA:30,4,0,18
BRDA:30,4,1,1
BRDA:41,5,0,24
BRDA:41,5,1,2
BRDA:47,6,0,2
BRDA:47,6,1,3
BRF:17
BRH:16
end_of_record
TN:
SF:/Users/vrubinat/Documents/xlab.tech/RxMap/src/core/registerObserver.js
FN:4,registerObserver
FN:8,getObserver
FNF:2
FNH:2
FNDA:8,registerObserver
FNDA:5,getObserver
DA:2,1
DA:4,1
DA:5,8
DA:8,5
LF:4
LH:4
BRF:0
BRH:0
end_of_record
TN:
SF:/Users/vrubinat/Documents/xlab.tech/RxMap/src/core/registerOperator.js
FN:8,getArgs
FN:19,registerOperator
FN:20,(anonymous_3)
FN:23,(anonymous_4)
FNF:4
FNH:4
FNDA:2,getArgs
FNDA:45,registerOperator
FNDA:2,(anonymous_3)
FNDA:2,(anonymous_4)
DA:2,1
DA:3,1
DA:4,1
DA:5,1
DA:6,1
DA:8,1
DA:9,2
DA:10,2
DA:11,1
DA:13,2
DA:14,2
DA:16,2
DA:19,1
DA:20,45
DA:21,2
DA:23,2
DA:24,2
DA:25,2
DA:26,2
DA:27,1
DA:29,1
LF:21
LH:21
BRDA:10,0,0,1
BRDA:10,0,1,1
BRDA:13,1,0,2
BRDA:13,1,1,0
BRDA:13,2,0,2
BRDA:13,2,1,2
BRDA:26,3,0,1
BRDA:26,3,1,1
BRF:8
BRH:7
end_of_record
TN:
SF:/Users/vrubinat/Documents/xlab.tech/RxMap/src/utils/extractProperties.js
FN:2,extractProperties
FNF:1
FNH:0
FNDA:0,extractProperties
DA:2,1
DA:3,0
DA:4,0
DA:6,0
DA:7,0
DA:9,0
DA:10,0
DA:12,0
DA:13,0
DA:15,0
LF:10
LH:1
BRDA:3,0,0,0
BRDA:3,0,1,0
BRDA:3,1,0,0
BRDA:3,1,1,0
BRDA:6,2,0,0
BRDA:6,2,1,0
BRDA:9,3,0,0
BRDA:9,3,1,0
BRDA:12,4,0,0
BRDA:12,4,1,0
BRF:10
BRH:0
end_of_record
TN:
SF:/Users/vrubinat/Documents/xlab.tech/RxMap/src/utils/google.js
FN:5,loadGoogle
FN:5,(anonymous_2)
FN:7,(anonymous_3)
FN:12,getGoogleMap
FNF:4
FNH:2
FNDA:1,loadGoogle
FNDA:1,(anonymous_2)
FNDA:0,(anonymous_3)
FNDA:0,getGoogleMap
DA:1,1
DA:3,1
DA:5,1
DA:6,1
DA:7,1
DA:8,0
DA:9,0
DA:12,1
LF:8
LH:6
BRF:0
BRH:0
end_of_record
TN:
SF:/Users/vrubinat/Documents/xlab.tech/RxMap/src/utils/isPromise.js
FN:1,isPromise
FNF:1
FNH:1
FNDA:12,isPromise
DA:1,1
DA:2,12
LF:2
LH:2
BRDA:2,0,0,12
BRDA:2,0,1,12
BRDA:2,0,2,12
BRF:3
BRH:3
end_of_record
TN:
SF:/Users/vrubinat/Documents/xlab.tech/RxMap/src/utils/transformPoint.js
FN:1,googlePoint
FN:35,leafletPoint
FNF:2
FNH:0
FNDA:0,googlePoint
FNDA:0,leafletPoint
DA:1,1
DA:2,0
DA:3,0
DA:5,0
DA:6,0
DA:8,0
DA:9,0
DA:11,0
DA:12,0
DA:14,0
DA:15,0
DA:17,0
DA:18,0
DA:20,0
DA:21,0
DA:23,0
DA:24,0
DA:26,0
DA:27,0
DA:29,0
DA:30,0
DA:32,0
DA:35,1
DA:36,0
DA:37,0
DA:39,0
DA:40,0
DA:42,0
DA:43,0
DA:45,0
DA:46,0
DA:48,0
DA:49,0
DA:51,0
DA:52,0
DA:54,0
DA:55,0
DA:57,0
DA:58,0
DA:60,0
DA:61,0
DA:63,0
DA:64,0
DA:66,0
LF:44
LH:2
BRDA:2,0,0,0
BRDA:2,0,1,0
BRDA:5,1,0,0
BRDA:5,1,1,0
BRDA:8,2,0,0
BRDA:8,2,1,0
BRDA:8,3,0,0
BRDA:8,3,1,0
BRDA:11,4,0,0
BRDA:11,4,1,0
BRDA:11,5,0,0
BRDA:11,5,1,0
BRDA:14,6,0,0
BRDA:14,6,1,0
BRDA:14,7,0,0
BRDA:14,7,1,0
BRDA:17,8,0,0
BRDA:17,8,1,0
BRDA:17,9,0,0
BRDA:17,9,1,0
BRDA:20,10,0,0
BRDA:20,10,1,0
BRDA:23,11,0,0
BRDA:23,11,1,0
BRDA:26,12,0,0
BRDA:26,12,1,0
BRDA:29,13,0,0
BRDA:29,13,1,0
BRDA:36,14,0,0
BRDA:36,14,1,0
BRDA:39,15,0,0
BRDA:39,15,1,0
BRDA:42,16,0,0
BRDA:42,16,1,0
BRDA:42,17,0,0
BRDA:42,17,1,0
BRDA:45,18,0,0
BRDA:45,18,1,0
BRDA:45,19,0,0
BRDA:45,19,1,0
BRDA:48,20,0,0
BRDA:48,20,1,0
BRDA:48,21,0,0
BRDA:48,21,1,0
BRDA:51,22,0,0
BRDA:51,22,1,0
BRDA:51,23,0,0
BRDA:51,23,1,0
BRDA:54,24,0,0
BRDA:54,24,1,0
BRDA:57,25,0,0
BRDA:57,25,1,0
BRDA:60,26,0,0
BRDA:60,26,1,0
BRDA:63,27,0,0
BRDA:63,27,1,0
BRF:56
BRH:0
end_of_record
