TN:
SF:/Users/vrubinat/Documents/xlab.tech/RxMap/src/RxMap.js
FN:14,RxMapClass
FN:49,(anonymous_9)
FN:50,(anonymous_10)
FN:52,(anonymous_11)
FN:56,(anonymous_12)
FN:58,(anonymous_13)
FN:60,(anonymous_14)
FN:63,(anonymous_15)
FN:65,(anonymous_16)
FN:66,(anonymous_17)
FN:101,createMap
FNF:11
FNH:2
FNDA:2,RxMapClass
FNDA:0,(anonymous_9)
FNDA:0,(anonymous_10)
FNDA:0,(anonymous_11)
FNDA:0,(anonymous_12)
FNDA:0,(anonymous_13)
FNDA:0,(anonymous_14)
FNDA:0,(anonymous_15)
FNDA:0,(anonymous_16)
FNDA:0,(anonymous_17)
FNDA:1,createMap
DA:2,1
DA:3,1
DA:4,1
DA:5,1
DA:6,1
DA:7,1
DA:8,1
DA:9,1
DA:11,1
DA:14,6
DA:16,2
DA:17,2
DA:18,2
DA:19,2
DA:23,0
DA:27,0
DA:31,0
DA:37,0
DA:39,0
DA:49,0
DA:50,0
DA:52,0
DA:56,0
DA:57,0
DA:58,0
DA:59,0
DA:60,0
DA:63,0
DA:64,0
DA:65,0
DA:66,0
DA:72,2
DA:73,0
DA:75,2
DA:76,0
DA:78,2
DA:79,0
DA:81,2
DA:85,1
DA:93,0
DA:97,0
DA:101,1
DA:102,1
DA:103,1
DA:105,1
LF:45
LH:23
BRDA:14,0,0,2
BRDA:14,0,1,0
BRDA:18,1,0,2
BRDA:18,1,1,0
BRDA:37,2,0,0
BRDA:37,2,1,0
BRDA:37,3,0,0
BRDA:37,3,1,0
BRDA:44,4,0,0
BRDA:57,5,0,0
BRDA:57,5,1,0
BRDA:64,6,0,0
BRDA:64,6,1,0
BRDA:72,7,0,0
BRDA:72,7,1,2
BRDA:75,8,0,0
BRDA:75,8,1,2
BRDA:78,9,0,0
BRDA:78,9,1,2
BRDA:78,10,0,2
BRDA:78,10,1,0
BRDA:102,11,0,1
BRDA:102,11,1,0
BRF:23
BRH:7
end_of_record
TN:
SF:/Users/vrubinat/Documents/xlab.tech/RxMap/src/importFunctions.js
FN:4,_fixedImports
FN:5,googleLatest
FN:6,leafletLatest
FN:7,commandsGoogleLatestCreate
FN:8,commandsGoogleLatestMarker
FN:9,commandsGoogleLatestPopup
FN:10,commandsGoogleLatestPoint
FN:11,commandsGoogleLatestSetCenter
FN:12,observersGoogleLatestCenter
FN:13,observersGoogleLatestClick
FN:14,commandsCommonLatestAddData
FN:15,observersCommonLatestGps
FN:16,commandsLeafletLatestCreate
FN:17,commandsLeafletLatestMarker
FN:18,commandsLeafletLatestPopup
FN:19,commandsLeafletLatestSetCenter
FN:20,commandsLeafletLatestPoint
FN:21,observersLeafletLatestCenter
FN:22,observersLeafletLatestClick
FN:25,(anonymous_39)
FN:31,(anonymous_40)
FNF:21
FNH:0
FNDA:0,_fixedImports
FNDA:0,googleLatest
FNDA:0,leafletLatest
FNDA:0,commandsGoogleLatestCreate
FNDA:0,commandsGoogleLatestMarker
FNDA:0,commandsGoogleLatestPopup
FNDA:0,commandsGoogleLatestPoint
FNDA:0,commandsGoogleLatestSetCenter
FNDA:0,observersGoogleLatestCenter
FNDA:0,observersGoogleLatestClick
FNDA:0,commandsCommonLatestAddData
FNDA:0,observersCommonLatestGps
FNDA:0,commandsLeafletLatestCreate
FNDA:0,commandsLeafletLatestMarker
FNDA:0,commandsLeafletLatestPopup
FNDA:0,commandsLeafletLatestSetCenter
FNDA:0,commandsLeafletLatestPoint
FNDA:0,observersLeafletLatestCenter
FNDA:0,observersLeafletLatestClick
FNDA:0,(anonymous_39)
FNDA:0,(anonymous_40)
DA:1,1
DA:4,1
DA:5,0
DA:6,0
DA:7,0
DA:8,0
DA:9,0
DA:10,0
DA:11,0
DA:12,0
DA:13,0
DA:14,0
DA:15,0
DA:16,0
DA:17,0
DA:18,0
DA:19,0
DA:20,0
DA:21,0
DA:22,0
DA:25,1
DA:27,0
DA:28,0
DA:29,0
DA:31,0
LF:25
LH:3
BRDA:28,0,0,0
BRDA:28,0,1,0
BRF:2
BRH:0
end_of_record
TN:
SF:/Users/vrubinat/Documents/xlab.tech/RxMap/src/core/AsyncCommandBus.js
FN:7,AsyncCommandBus
FN:22,(anonymous_4)
FN:40,(anonymous_7)
FN:47,(anonymous_9)
FN:56,(anonymous_12)
FN:57,(anonymous_13)
FN:63,(anonymous_14)
FNF:7
FNH:3
FNDA:1,AsyncCommandBus
FNDA:1,(anonymous_4)
FNDA:0,(anonymous_7)
FNDA:0,(anonymous_9)
FNDA:0,(anonymous_12)
FNDA:0,(anonymous_13)
FNDA:1,(anonymous_14)
DA:1,1
DA:2,1
DA:3,1
DA:4,1
DA:7,3
DA:9,1
DA:10,1
DA:11,1
DA:14,1
DA:15,1
DA:20,1
DA:21,1
DA:22,1
DA:27,1
DA:28,1
DA:29,1
DA:32,2
DA:33,2
DA:34,1
DA:35,1
DA:37,1
DA:38,1
DA:39,1
DA:40,0
DA:41,0
DA:43,1
DA:46,1
DA:47,1
DA:51,0
DA:54,0
DA:55,0
DA:56,0
DA:57,0
DA:59,0
DA:63,1
DA:64,1
DA:65,1
DA:66,1
LF:38
LH:30
BRDA:7,0,0,1
BRDA:7,0,1,0
BRDA:20,1,0,1
BRDA:20,1,1,0
BRDA:27,2,0,1
BRDA:27,2,1,0
BRDA:33,3,0,1
BRDA:33,3,1,1
BRDA:39,4,0,0
BRDA:39,4,1,1
BRDA:55,5,0,0
BRDA:55,5,1,0
BRDA:57,6,0,0
BRDA:57,6,1,0
BRDA:59,7,0,0
BRDA:59,7,1,0
BRF:16
BRH:6
end_of_record
TN:
SF:/Users/vrubinat/Documents/xlab.tech/RxMap/src/core/CommandBus.js
FN:8,CommandBus
FN:49,(anonymous_9)
FNF:2
FNH:1
FNDA:4,CommandBus
FNDA:0,(anonymous_9)
DA:2,1
DA:3,1
DA:4,1
DA:5,1
DA:8,4
DA:9,4
DA:16,3
DA:20,4
DA:24,3
DA:25,0
DA:26,0
DA:28,3
DA:32,0
DA:36,1
DA:40,1
DA:41,1
DA:44,1
DA:45,1
DA:46,1
DA:47,1
DA:48,1
DA:49,0
DA:51,1
DA:55,0
DA:59,0
DA:63,0
DA:66,1
DA:67,1
DA:68,0
DA:70,1
DA:71,1
DA:72,0
DA:75,1
DA:79,2
LF:34
LH:25
BRDA:24,0,0,0
BRDA:24,0,1,3
BRDA:48,1,0,0
BRDA:48,1,1,1
BRDA:67,2,0,0
BRDA:67,2,1,1
BRDA:71,3,0,0
BRDA:71,3,1,1
BRF:8
BRH:4
end_of_record
TN:
SF:/Users/vrubinat/Documents/xlab.tech/RxMap/src/core/Observable.js
FN:5,getCommandBus
FN:16,(anonymous_1)
FN:21,(anonymous_2)
FN:25,(anonymous_3)
FN:27,(anonymous_4)
FNF:5
FNH:4
FNDA:1,getCommandBus
FNDA:1,(anonymous_1)
FNDA:1,(anonymous_2)
FNDA:1,(anonymous_3)
FNDA:0,(anonymous_4)
DA:2,1
DA:3,1
DA:5,1
DA:6,1
DA:7,1
DA:8,0
DA:10,1
DA:11,0
DA:13,1
DA:16,1
DA:17,1
DA:18,1
DA:21,1
DA:22,1
DA:25,1
DA:26,1
DA:27,1
LF:17
LH:15
BRDA:7,0,0,0
BRDA:7,0,1,1
BRDA:10,1,0,0
BRDA:10,1,1,1
BRF:4
BRH:2
end_of_record
TN:
SF:/Users/vrubinat/Documents/xlab.tech/RxMap/src/core/importLazyLoad.js
FN:7,loadJS
FN:7,(anonymous_2)
FN:9,implementationCode
FN:19,addImportFunction
FN:23,(anonymous_5)
FN:23,_callee
FN:23,_callee$
FN:44,loadAllRootLib
FN:44,(anonymous_10)
FNF:9
FNH:2
FNDA:0,loadJS
FNDA:0,(anonymous_2)
FNDA:0,implementationCode
FNDA:1,addImportFunction
FNDA:1,(anonymous_5)
FNDA:0,_callee
FNDA:0,_callee$
FNDA:0,loadAllRootLib
FNDA:0,(anonymous_10)
DA:2,1
DA:4,1
DA:5,1
DA:7,1
DA:8,0
DA:9,0
DA:10,0
DA:12,0
DA:13,0
DA:14,0
DA:15,0
DA:16,0
DA:19,1
DA:20,1
DA:23,2
DA:24,0
DA:25,0
DA:26,0
DA:27,0
DA:36,0
DA:38,0
DA:44,1
LF:22
LH:8
BRDA:23,0,0,0
BRDA:23,0,1,0
BRDA:23,1,0,0
BRDA:23,1,1,0
BRDA:23,2,0,0
BRDA:23,2,1,0
BRDA:23,2,2,0
BRDA:23,2,3,0
BRDA:23,2,4,0
BRDA:23,2,5,0
BRDA:23,2,6,0
BRDA:24,3,0,0
BRDA:24,3,1,0
BRDA:26,4,0,0
BRDA:26,4,1,0
BRDA:23,5,0,0
BRDA:23,5,1,0
BRF:17
BRH:0
end_of_record
TN:
SF:/Users/vrubinat/Documents/xlab.tech/RxMap/src/core/importMapLibrary.js
FN:3,_callee$
FNF:1
FNH:0
FNDA:0,_callee$
DA:1,1
DA:3,0
DA:4,0
DA:6,0
DA:14,0
DA:15,0
LF:6
LH:1
BRDA:3,0,0,0
BRDA:3,0,1,0
BRDA:3,1,0,0
BRDA:3,1,1,0
BRDA:3,2,0,0
BRDA:3,2,1,0
BRDA:3,2,2,0
BRDA:3,2,3,0
BRDA:3,2,4,0
BRDA:3,2,5,0
BRDA:3,2,6,0
BRDA:3,2,7,0
BRDA:3,2,8,0
BRDA:3,2,9,0
BRDA:4,3,0,0
BRDA:4,3,1,0
BRDA:3,4,0,0
BRDA:3,4,1,0
BRF:18
BRH:0
end_of_record
TN:
SF:/Users/vrubinat/Documents/xlab.tech/RxMap/src/core/middlewares.js
FN:6,compose
FN:13,(anonymous_2)
FN:16,executeCommand
FN:16,(anonymous_4)
FN:18,applyMiddlewares
FN:26,registerMiddlewares
FNF:6
FNH:4
FNDA:2,compose
FNDA:0,(anonymous_2)
FNDA:2,executeCommand
FNDA:1,(anonymous_4)
FNDA:2,applyMiddlewares
FNDA:0,registerMiddlewares
DA:2,1
DA:6,2
DA:7,2
DA:8,2
DA:10,0
DA:11,0
DA:13,0
DA:16,2
DA:18,1
DA:19,2
DA:20,2
DA:21,0
DA:23,2
DA:26,1
DA:27,0
DA:28,0
DA:29,0
DA:31,0
LF:18
LH:10
BRDA:7,0,0,2
BRDA:7,0,1,0
BRDA:10,1,0,0
BRDA:10,1,1,0
BRDA:20,2,0,0
BRDA:20,2,1,2
BRDA:27,3,0,0
BRDA:27,3,1,0
BRF:8
BRH:2
end_of_record
TN:
SF:/Users/vrubinat/Documents/xlab.tech/RxMap/src/core/registerCommand.js
FN:8,isAsyncCommandBus
FN:12,createFunctionInCommandBus
FN:13,(anonymous_3)
FN:24,_registerCommand
FN:30,registerWithMiddleware
FN:37,registerCommand
FN:42,getCommandInfo
FN:43,getCommand
FN:45,applyMiddlewares
FN:50,(anonymous_10)
FNF:10
FNH:5
FNDA:1,isAsyncCommandBus
FNDA:2,createFunctionInCommandBus
FNDA:1,(anonymous_3)
FNDA:2,_registerCommand
FNDA:0,registerWithMiddleware
FNDA:2,registerCommand
FNDA:0,getCommandInfo
FNDA:0,getCommand
FNDA:0,applyMiddlewares
FNDA:0,(anonymous_10)
DA:1,1
DA:2,1
DA:3,1
DA:4,1
DA:6,1
DA:8,1
DA:9,1
DA:12,1
DA:13,2
DA:14,1
DA:15,1
DA:17,1
DA:19,1
DA:20,1
DA:24,1
DA:25,2
DA:26,2
DA:27,2
DA:30,1
DA:31,0
DA:32,0
DA:33,0
DA:37,2
DA:38,2
DA:39,2
DA:42,1
DA:43,1
DA:45,1
DA:46,0
DA:47,0
DA:48,0
DA:50,0
LF:32
LH:25
BRDA:9,0,0,1
BRDA:9,0,1,1
BRDA:9,0,2,0
BRDA:15,1,0,1
BRDA:15,1,1,0
BRDA:15,2,0,1
BRDA:15,2,1,1
BRDA:15,2,2,0
BRDA:15,2,3,0
BRDA:32,3,0,0
BRDA:32,3,1,0
BRDA:37,4,0,0
BRDA:37,4,1,2
BRDA:37,5,0,2
BRDA:37,5,1,0
BRDA:47,6,0,0
BRDA:47,6,1,0
BRF:17
BRH:7
end_of_record
TN:
SF:/Users/vrubinat/Documents/xlab.tech/RxMap/src/core/registerObserver.js
FN:4,registerObserver
FN:8,getObserver
FNF:2
FNH:2
FNDA:1,registerObserver
FNDA:1,getObserver
DA:2,1
DA:4,1
DA:5,1
DA:8,1
LF:4
LH:4
BRF:0
BRH:0
end_of_record
TN:
SF:/Users/vrubinat/Documents/xlab.tech/RxMap/src/core/registerOperator.js
FN:8,getCommandBus
FN:19,getArgs
FN:30,registerOperator
FN:31,(anonymous_4)
FN:34,(anonymous_5)
FNF:5
FNH:1
FNDA:0,getCommandBus
FNDA:0,getArgs
FNDA:2,registerOperator
FNDA:0,(anonymous_4)
FNDA:0,(anonymous_5)
DA:2,1
DA:3,1
DA:4,1
DA:5,1
DA:6,1
DA:8,1
DA:9,0
DA:10,0
DA:11,0
DA:13,0
DA:14,0
DA:16,0
DA:19,1
DA:20,0
DA:21,0
DA:22,0
DA:24,0
DA:25,0
DA:27,0
DA:30,1
DA:31,2
DA:32,0
DA:34,0
DA:35,0
DA:36,0
DA:37,0
DA:38,0
DA:40,0
LF:28
LH:9
BRDA:10,0,0,0
BRDA:10,0,1,0
BRDA:13,1,0,0
BRDA:13,1,1,0
BRDA:21,2,0,0
BRDA:21,2,1,0
BRDA:24,3,0,0
BRDA:24,3,1,0
BRDA:24,4,0,0
BRDA:24,4,1,0
BRDA:37,5,0,0
BRDA:37,5,1,0
BRF:12
BRH:0
end_of_record
TN:
SF:/Users/vrubinat/Documents/xlab.tech/RxMap/src/utils/isPromise.js
FN:1,isPromise
FNF:1
FNH:1
FNDA:2,isPromise
DA:1,1
DA:2,2
LF:2
LH:2
BRDA:2,0,0,2
BRDA:2,0,1,2
BRDA:2,0,2,2
BRF:3
BRH:3
end_of_record
